<div dir="ltr"><pre class="" style="white-space:pre-wrap;word-wrap:break-word;margin-top:0px;margin-bottom:0px;color:rgb(51,51,51);font-size:13px"><span class=""><b><br></b></span></pre><pre class="" style="white-space:pre-wrap;word-wrap:break-word;margin-top:0px;margin-bottom:0px;color:rgb(51,51,51);font-size:13px">
<span class=""><b>Josh,Devendar - could you please take a look?</b></span></pre><pre class="" style="white-space:pre-wrap;word-wrap:break-word;margin-top:0px;margin-bottom:0px;color:rgb(51,51,51);font-size:13px"><span class=""><b>Thanks</b></span></pre>
<pre class="" style="white-space:pre-wrap;word-wrap:break-word;margin-top:0px;margin-bottom:0px;color:rgb(51,51,51);font-size:13px"><span class=""><b><br></b></span></pre><pre class="" style="white-space:pre-wrap;word-wrap:break-word;margin-top:0px;margin-bottom:0px;color:rgb(51,51,51);font-size:13px">
<span class=""><b>15:45:00</b> </span>Making install in mca/coll/fca
<span class=""><b>15:45:00</b> </span>make[2]: Entering directory `/scrap/jenkins/scrap/workspace/hpc-ompi-shmem/label/hpc-test-node/ompi/mca/coll/fca&#39;
<span class=""><b>15:45:00</b> </span>  CC       coll_fca_module.lo
<span class=""><b>15:45:00</b> </span>coll_fca_module.c: In function &#39;have_remote_peers&#39;:
<span class=""><b>15:45:00</b> </span>coll_fca_module.c:48: error: &#39;ompi_proc_t&#39; has no member named &#39;proc_flags&#39;
<span class=""><b>15:45:00</b> </span>coll_fca_module.c:48: error: &#39;ompi_proc_t&#39; has no member named &#39;proc_flags&#39;
<span class=""><b>15:45:00</b> </span>coll_fca_module.c: In function &#39;__get_local_ranks&#39;:
<span class=""><b>15:45:00</b> </span>coll_fca_module.c:75: error: &#39;ompi_proc_t&#39; has no member named &#39;proc_flags&#39;
<span class=""><b>15:45:00</b> </span>coll_fca_module.c:75: error: &#39;ompi_proc_t&#39; has no member named &#39;proc_flags&#39;
<span class=""><b>15:45:00</b> </span>coll_fca_module.c:95: error: &#39;ompi_proc_t&#39; has no member named &#39;proc_flags&#39;
<span class=""><b>15:45:00</b> </span>coll_fca_module.c:95: error: &#39;ompi_proc_t&#39; has no member named &#39;proc_flags&#39;
<span class=""><b>15:45:00</b> </span>make[2]: *** [coll_fca_module.lo] Error 1
<span class=""><b>15:45:00</b> </span>make[2]: Leaving directory `/scrap/jenkins/scrap/workspace/hpc-ompi-shmem/label/hpc-test-node/ompi/mca/coll/fca&#39;
<span class=""><b>15:45:00</b> </span>make[1]: *** [install-recursive] Error 1
<span class=""><b>15:45:00</b> </span>make[1]: Leaving directory `/scrap/jenkins/scrap/workspace/hpc-ompi-shmem/label/hpc-test-node/ompi&#39;
<span class=""><b>15:45:00</b> </span>make: *** [install-recursive] Error 1
<span class=""><b>15:45:00</b> </span>Build step &#39;Execute shell&#39; marked build as failu</pre></div>

