<div dir="ltr"><pre class="" style="white-space:pre-wrap;word-wrap:break-word;margin-top:0px;margin-bottom:0px;color:rgb(51,51,51);font-size:13px"><span class=""><b>02:36:30</b> </span>  CC       base/odls_base_default_fns.lo
<span class=""><b>02:36:30</b> </span>base/odls_base_default_fns.c: In function &#39;odls_base_default_wait_local_proc&#39;:
<span class=""><b>02:36:30</b> </span>base/odls_base_default_fns.c:2001: warning: implicit declaration of function &#39;ORTE_FLAG_SET&#39;
<span class=""><b>02:36:30</b> </span>base/odls_base_default_fns.c:2001: error: &#39;ORTE_PROC_FLAG_WAITPID&#39; undeclared (first use in this function)
<span class=""><b>02:36:30</b> </span>base/odls_base_default_fns.c:2001: error: (Each undeclared identifier is reported only once
<span class=""><b>02:36:30</b> </span>base/odls_base_default_fns.c:2001: error: for each function it appears in.)
<span class=""><b>02:36:30</b> </span>base/odls_base_default_fns.c:2004: warning: implicit declaration of function &#39;ORTE_FLAG_TEST&#39;
<span class=""><b>02:36:30</b> </span>base/odls_base_default_fns.c:2004: error: &#39;ORTE_PROC_FLAG_IOF_COMPLETE&#39; undeclared (first use in this function)
<span class=""><b>02:36:30</b> </span>base/odls_base_default_fns.c:2005: warning: implicit declaration of function &#39;ORTE_FLAG_UNSET&#39;
<span class=""><b>02:36:30</b> </span>base/odls_base_default_fns.c:2005: error: &#39;ORTE_PROC_FLAG_ALIVE&#39; undeclared (first use in this function)
<span class=""><b>02:36:30</b> </span>make[2]: *** [base/odls_base_default_fns.lo] Error 1
<span class=""><b>02:36:30</b> </span>make[2]: Leaving directory `/scrap/jenkins/scrap/workspace/hpc-ompi-shmem/label/hpc-test-node/orte/mca/odls&#39;
<span class=""><b>02:36:30</b> </span>make[1]: *** [install-recursive] Error 1
<span class=""><b>02:36:30</b> </span>make[1]: Leaving directory `/scrap/jenkins/scrap/workspace/hpc-ompi-shmem/label/hpc-test-node/orte&#39;
<span class=""><b>02:36:30</b> </span>make: *** [install-recursive] Error 1
<span class=""><b>02:36:30</b> </span>Build step &#39;Execute shell&#39; marked build as failure
</pre><div><br></div></div>

